Drill report for R:\Wohnwagen-Board\Sensoren\HM-LC-Sw1-FM\Platine - Kopie\HM-LC-Sw1-FM.kicad_pcb
Created on 27.10.2019 17:27:38

Copper Layer Stackup:
    =============================================================
    L1 :  F.Cu                      front
    L2 :  B.Cu                      back


Drill file 'HM-LC-Sw1-FM-PTH.drl' contains
    plated through holes:
    =============================================================
    T1  0,40mm  0,016"  (33 holes)
    T2  0,60mm  0,024"  (2 holes)
    T3  0,75mm  0,030"  (3 holes)
    T4  0,80mm  0,031"  (18 holes)
    T5  0,90mm  0,035"  (2 holes)
    T6  1,00mm  0,039"  (48 holes)
    T7  1,10mm  0,043"  (4 holes)
    T8  1,30mm  0,051"  (3 holes)
    T9  1,50mm  0,059"  (4 holes)
    T10  3,20mm  0,126"  (4 holes)

    Total plated holes count 121


Drill file 'HM-LC-Sw1-FM-NPTH.drl' contains
    unplated through holes:
    =============================================================
    T1  2,20mm  0,087"  (1 hole)

    Total unplated holes count 1
